<?xml version="1.0" encoding="UTF-8"?>
<!-- Generated by org.testng.reporters.JUnitXMLReporter -->
<testsuite ignored="0" hostname="LAPTOP-2PRRMHPJ" failures="3" tests="19" name="Ninja Tutorial Testcases" time="415.278" errors="0" timestamp="27 Apr 2023 16:11:33 GMT">
  <testcase classname="com.tutorialninja.qa.testcases.RegisterTest" name="enterAllValidFields" time="4.888"/>
  <testcase classname="com.tutorialninja.qa.testcases.SearchTest" name="enterSearchField" time="14.199"/>
  <testcase classname="com.tutorialninja.qa.testcases.SearchTest" name="enterSearchField" time="20.471">
    <failure type="org.openqa.selenium.NoSuchElementException" message="Cannot locate option with text: Laptops&amp;amp;Notebooks
For documentation on this error, please visit: https://selenium.dev/exceptions/#no_such_element
Build info: version: &amp;apos;4.8.3&amp;apos;, revision: &amp;apos;e5e76298c3&amp;apos;
System info: os.name: &amp;apos;Windows 11&amp;apos;, os.arch: &amp;apos;amd64&amp;apos;, os.version: &amp;apos;10.0&amp;apos;, java.version: &amp;apos;17.0.5&amp;apos;
Driver info: driver.version: unknown">
      <![CDATA[org.openqa.selenium.NoSuchElementException: Cannot locate option with text: Laptops&Notebooks
For documentation on this error, please visit: https://selenium.dev/exceptions/#no_such_element
Build info: version: '4.8.3', revision: 'e5e76298c3'
System info: os.name: 'Windows 11', os.arch: 'amd64', os.version: '10.0', java.version: '17.0.5'
Driver info: driver.version: unknown
at org.openqa.selenium.support.ui.Select.selectByVisibleText(Select.java:153)
at com.tutorialninja.qa.testcases.SearchTest.enterSearchField(SearchTest.java:51)
... Removed 25 stack frames]]>
    </failure>
  </testcase> <!-- enterSearchField -->
  <testcase classname="com.tutorialninja.qa.testcases.SearchTest" name="enterSearchField" time="10.423"/>
  <testcase classname="com.tutorialninja.qa.testcases.SearchTest" name="enterSearchField" time="9.916"/>
  <testcase classname="com.tutorialninja.qa.testcases.SearchTest" name="enterSearchField" time="9.953"/>
  <testcase classname="com.tutorialninja.qa.testcases.SearchTest" name="enterSearchField" time="19.783">
    <failure type="org.openqa.selenium.NoSuchElementException" message="Cannot locate option with text: Phones&amp;amp;PDAs
For documentation on this error, please visit: https://selenium.dev/exceptions/#no_such_element
Build info: version: &amp;apos;4.8.3&amp;apos;, revision: &amp;apos;e5e76298c3&amp;apos;
System info: os.name: &amp;apos;Windows 11&amp;apos;, os.arch: &amp;apos;amd64&amp;apos;, os.version: &amp;apos;10.0&amp;apos;, java.version: &amp;apos;17.0.5&amp;apos;
Driver info: driver.version: unknown">
      <![CDATA[org.openqa.selenium.NoSuchElementException: Cannot locate option with text: Phones&PDAs
For documentation on this error, please visit: https://selenium.dev/exceptions/#no_such_element
Build info: version: '4.8.3', revision: 'e5e76298c3'
System info: os.name: 'Windows 11', os.arch: 'amd64', os.version: '10.0', java.version: '17.0.5'
Driver info: driver.version: unknown
at org.openqa.selenium.support.ui.Select.selectByVisibleText(Select.java:153)
at com.tutorialninja.qa.testcases.SearchTest.enterSearchField(SearchTest.java:51)
... Removed 25 stack frames]]>
    </failure>
  </testcase> <!-- enterSearchField -->
  <testcase classname="com.tutorialninja.qa.testcases.SearchTest" name="enterSearchField" time="9.967"/>
  <testcase classname="com.tutorialninja.qa.testcases.SearchTest" name="enterSearchField" time="19.859">
    <failure type="org.openqa.selenium.NoSuchElementException" message="Cannot locate option with text: MP3Players
For documentation on this error, please visit: https://selenium.dev/exceptions/#no_such_element
Build info: version: &amp;apos;4.8.3&amp;apos;, revision: &amp;apos;e5e76298c3&amp;apos;
System info: os.name: &amp;apos;Windows 11&amp;apos;, os.arch: &amp;apos;amd64&amp;apos;, os.version: &amp;apos;10.0&amp;apos;, java.version: &amp;apos;17.0.5&amp;apos;
Driver info: driver.version: unknown">
      <![CDATA[org.openqa.selenium.NoSuchElementException: Cannot locate option with text: MP3Players
For documentation on this error, please visit: https://selenium.dev/exceptions/#no_such_element
Build info: version: '4.8.3', revision: 'e5e76298c3'
System info: os.name: 'Windows 11', os.arch: 'amd64', os.version: '10.0', java.version: '17.0.5'
Driver info: driver.version: unknown
at org.openqa.selenium.support.ui.Select.selectByVisibleText(Select.java:153)
at com.tutorialninja.qa.testcases.SearchTest.enterSearchField(SearchTest.java:51)
... Removed 25 stack frames]]>
    </failure>
  </testcase> <!-- enterSearchField -->
  <testcase classname="com.tutorialninja.qa.testcases.LoginTest" name="verifyNinjaTutorialLoginWithValidUsernameAndValidPassword" time="1.285"/>
  <testcase classname="com.tutorialninja.qa.testcases.LoginTest" name="verifyNinjaTutorialLoginWithValidUsernameAndValidPassword" time="1.098"/>
  <testcase classname="com.tutorialninja.qa.testcases.LoginTest" name="verifyNinjaTutorialLoginWithValidUsernameAndValidPassword" time="1.178"/>
  <testcase classname="com.tutorialninja.qa.testcases.LoginTest" name="verifyNinjaTutorialLoginWithValidUsernameAndValidPassword" time="1.38"/>
  <testcase classname="com.tutorialninja.qa.testcases.RegisterTest" name="enterSameCredentialsAllValidFields" time="1.474"/>
  <testcase classname="com.tutorialninja.qa.testcases.LoginTest" name="verifyNinjaTutorialLoginWithInvalidUsernameAndInvalidPassword" time="0.908"/>
  <testcase classname="com.tutorialninja.qa.testcases.LoginTest" name="verifyNinjaTutorialLoginWithValidUsernameAndInvalidPassword" time="0.868"/>
  <testcase classname="com.tutorialninja.qa.testcases.LoginTest" name="verifyNinjaTutorialLoginWithEmptyUsernameAndvalidPassword" time="0.706"/>
  <testcase classname="com.tutorialninja.qa.testcases.LoginTest" name="verifyNinjaTutorialLoginWithValidUsernameAndEmptyPassword" time="1.861"/>
  <testcase classname="com.tutorialninja.qa.testcases.LoginTest" name="verifyNinjaTutorialLoginWithEmptyUsernameAndEmptyPassword" time="0.544"/>
</testsuite> <!-- Ninja Tutorial Testcases -->
